<?xml version="1.0" encoding="UTF-8"?>
<testsuite xmlns:xsi="http://www.w3.org/2001/XMLSchema-instance" xsi:noNamespaceSchemaLocation="https://maven.apache.org/surefire/maven-surefire-plugin/xsd/surefire-test-report.xsd" version="3.0.2" name="org.sonar.plugins.l10n.TraditionalChinesePackPluginTest" time="0.527" tests="2" errors="0" skipped="0" failures="0" flakes="0">
  <properties>
[...]
</properties>
  <testcase name="bundles_should_be_up_to_date" classname="org.sonar.plugins.l10n.TraditionalChinesePackPluginTest" time="0.315"/>
  <testcase name="testTraditionalChinesePackPlugin" classname="org.sonar.plugins.l10n.TraditionalChinesePackPluginTest" time="0.041"/>
</testsuite>